<?xml version="1.0" encoding="UTF-8"?>
<testsuite xmlns:xsi="http://www.w3.org/2001/XMLSchema-instance" xsi:noNamespaceSchemaLocation="https://maven.apache.org/surefire/maven-surefire-plugin/xsd/surefire-test-report.xsd" name="com.swissre.app.service.readFile.CSVFileReaderTest" time="0.006" tests="2" errors="0" skipped="0" failures="0">
  <properties>
[...]
</properties>
  <testcase name="testRead_ValidFile_ReturnsLines" classname="com.swissre.app.service.readFile.CSVFileReaderTest" time="0"/>
  <testcase name="testRead_FileNotFound_ThrowsFileReadException" classname="com.swissre.app.service.readFile.CSVFileReaderTest" time="0.005"/>
</testsuite>